<?xml version="1.0" encoding="UTF-8"?>
<coverage generated="1615807101095" clover="3.2.0">
  <project timestamp="1615807101095" name="All files">
    <metrics statements="21" coveredstatements="21" conditionals="6" coveredconditionals="6" methods="8" coveredmethods="8" elements="35" coveredelements="35" complexity="0" loc="21" ncloc="21" packages="1" files="3" classes="3"/>
    <file name="async.js" path="C:\Users\User\Desktop\jest_learning\functions\async.js">
      <metrics statements="6" coveredstatements="6" conditionals="2" coveredconditionals="2" methods="3" coveredmethods="3"/>
      <line num="2" count="4" type="stmt"/>
      <line num="3" count="4" type="stmt"/>
      <line num="4" count="4" type="cond" truecount="2" falsecount="0"/>
      <line num="5" count="2" type="stmt"/>
      <line num="7" count="2" type="stmt"/>
      <line num="13" count="1" type="stmt"/>
    </file>
    <file name="functions.js" path="C:\Users\User\Desktop\jest_learning\functions\functions.js">
      <metrics statements="10" coveredstatements="10" conditionals="4" coveredconditionals="4" methods="4" coveredmethods="4"/>
      <line num="2" count="1" type="stmt"/>
      <line num="8" count="26" type="stmt"/>
      <line num="12" count="3" type="stmt"/>
      <line num="13" count="3" type="stmt"/>
      <line num="14" count="13" type="cond" truecount="2" falsecount="0"/>
      <line num="15" count="13" type="cond" truecount="2" falsecount="0"/>
      <line num="16" count="8" type="stmt"/>
      <line num="18" count="13" type="stmt"/>
      <line num="20" count="3" type="stmt"/>
      <line num="23" count="1" type="stmt"/>
    </file>
    <file name="mock.js" path="C:\Users\User\Desktop\jest_learning\functions\mock.js">
      <metrics statements="5" coveredstatements="5" conditionals="0" coveredconditionals="0" methods="1" coveredmethods="1"/>
      <line num="2" count="2" type="stmt"/>
      <line num="3" count="2" type="stmt"/>
      <line num="4" count="10" type="stmt"/>
      <line num="6" count="2" type="stmt"/>
      <line num="9" count="1" type="stmt"/>
    </file>
  </project>
</coverage>
