{"D:\\ПРОГРАММИРОВАНИЕ\\Стажировка\\jest_learning\\functions\\async.js": {"path":"D:\\ПРОГРАММИРОВАНИЕ\\Стажировка\\jest_learning\\functions\\async.js","statementMap":{"0":{"start":{"line":2,"column":4},"end":{"line":10,"column":7}},"1":{"start":{"line":3,"column":8},"end":{"line":9,"column":16}},"2":{"start":{"line":4,"column":12},"end":{"line":8,"column":13}},"3":{"start":{"line":5,"column":16},"end":{"line":5,"column":30}},"4":{"start":{"line":7,"column":16},"end":{"line":7,"column":50}},"5":{"start":{"line":13,"column":0},"end":{"line":15,"column":1}}},"fnMap":{"0":{"name":"echo","decl":{"start":{"line":1,"column":9},"end":{"line":1,"column":13}},"loc":{"start":{"line":1,"column":20},"end":{"line":11,"column":1}},"line":1},"1":{"name":"(anonymous_1)","decl":{"start":{"line":2,"column":23},"end":{"line":2,"column":24}},"loc":{"start":{"line":2,"column":44},"end":{"line":10,"column":5}},"line":2},"2":{"name":"(anonymous_2)","decl":{"start":{"line":3,"column":19},"end":{"line":3,"column":20}},"loc":{"start":{"line":3,"column":25},"end":{"line":9,"column":9}},"line":3}},"branchMap":{"0":{"loc":{"start":{"line":4,"column":12},"end":{"line":8,"column":13}},"type":"if","locations":[{"start":{"line":4,"column":12},"end":{"line":8,"column":13}},{"start":{"line":4,"column":12},"end":{"line":8,"column":13}}],"line":4}},"s":{"0":4,"1":4,"2":4,"3":2,"4":2,"5":1},"f":{"0":4,"1":4,"2":4},"b":{"0":[2,2]},"_coverageSchema":"1a1c01bbd47fc00a2c39e90264f33305004495a9","hash":"848bb52837b9bbe43f9fd5aca472ef4a93f31f20"}
,"D:\\ПРОГРАММИРОВАНИЕ\\Стажировка\\jest_learning\\functions\\functions.js": {"path":"D:\\ПРОГРАММИРОВАНИЕ\\Стажировка\\jest_learning\\functions\\functions.js","statementMap":{"0":{"start":{"line":2,"column":4},"end":{"line":2,"column":15}},"1":{"start":{"line":8,"column":4},"end":{"line":8,"column":41}},"2":{"start":{"line":8,"column":33},"end":{"line":8,"column":39}},"3":{"start":{"line":12,"column":17},"end":{"line":12,"column":19}},"4":{"start":{"line":13,"column":4},"end":{"line":19,"column":5}},"5":{"start":{"line":14,"column":18},"end":{"line":14,"column":70}},"6":{"start":{"line":15,"column":8},"end":{"line":17,"column":9}},"7":{"start":{"line":16,"column":12},"end":{"line":16,"column":29}},"8":{"start":{"line":18,"column":8},"end":{"line":18,"column":31}},"9":{"start":{"line":20,"column":4},"end":{"line":20,"column":18}},"10":{"start":{"line":24,"column":4},"end":{"line":24,"column":68}},"11":{"start":{"line":33,"column":0},"end":{"line":38,"column":2}}},"fnMap":{"0":{"name":"sum","decl":{"start":{"line":1,"column":9},"end":{"line":1,"column":12}},"loc":{"start":{"line":1,"column":19},"end":{"line":3,"column":1}},"line":1},"1":{"name":"Lodash","decl":{"start":{"line":7,"column":9},"end":{"line":7,"column":15}},"loc":{"start":{"line":7,"column":23},"end":{"line":9,"column":1}},"line":7},"2":{"name":"(anonymous_2)","decl":{"start":{"line":8,"column":25},"end":{"line":8,"column":26}},"loc":{"start":{"line":8,"column":33},"end":{"line":8,"column":39}},"line":8},"3":{"name":"groupBy","decl":{"start":{"line":11,"column":9},"end":{"line":11,"column":16}},"loc":{"start":{"line":11,"column":29},"end":{"line":21,"column":1}},"line":11},"4":{"name":"renderP","decl":{"start":{"line":23,"column":9},"end":{"line":23,"column":16}},"loc":{"start":{"line":23,"column":19},"end":{"line":25,"column":1}},"line":23}},"branchMap":{"0":{"loc":{"start":{"line":14,"column":18},"end":{"line":14,"column":70}},"type":"cond-expr","locations":[{"start":{"line":14,"column":47},"end":{"line":14,"column":57}},{"start":{"line":14,"column":59},"end":{"line":14,"column":70}}],"line":14},"1":{"loc":{"start":{"line":15,"column":8},"end":{"line":17,"column":9}},"type":"if","locations":[{"start":{"line":15,"column":8},"end":{"line":17,"column":9}},{"start":{"line":15,"column":8},"end":{"line":17,"column":9}}],"line":15}},"s":{"0":1,"1":4,"2":26,"3":3,"4":3,"5":13,"6":13,"7":8,"8":13,"9":3,"10":0,"11":1},"f":{"0":1,"1":4,"2":26,"3":3,"4":0},"b":{"0":[10,3],"1":[8,5]},"_coverageSchema":"1a1c01bbd47fc00a2c39e90264f33305004495a9","hash":"4a3cd84b4234e74ec471b4cd34a90c37cf58150b"}
,"D:\\ПРОГРАММИРОВАНИЕ\\Стажировка\\jest_learning\\functions\\mock.js": {"path":"D:\\ПРОГРАММИРОВАНИЕ\\Стажировка\\jest_learning\\functions\\mock.js","statementMap":{"0":{"start":{"line":2,"column":17},"end":{"line":2,"column":19}},"1":{"start":{"line":3,"column":4},"end":{"line":5,"column":5}},"2":{"start":{"line":4,"column":8},"end":{"line":4,"column":36}},"3":{"start":{"line":6,"column":4},"end":{"line":6,"column":18}},"4":{"start":{"line":9,"column":0},"end":{"line":11,"column":1}}},"fnMap":{"0":{"name":"map","decl":{"start":{"line":1,"column":9},"end":{"line":1,"column":12}},"loc":{"start":{"line":1,"column":30},"end":{"line":7,"column":1}},"line":1}},"branchMap":{},"s":{"0":2,"1":2,"2":10,"3":2,"4":1},"f":{"0":2},"b":{},"_coverageSchema":"1a1c01bbd47fc00a2c39e90264f33305004495a9","hash":"d79df19ca5e65f91ab34b08fefeb7c6f506a52a1"}
}
