TN:
SF:functions\async.js
FN:1,echo
FN:2,(anonymous_1)
FN:3,(anonymous_2)
FNF:3
FNH:3
FNDA:4,echo
FNDA:4,(anonymous_1)
FNDA:4,(anonymous_2)
DA:2,4
DA:3,4
DA:4,4
DA:5,2
DA:7,2
DA:13,1
LF:6
LH:6
BRDA:4,0,0,2
BRDA:4,0,1,2
BRF:2
BRH:2
end_of_record
TN:
SF:functions\functions.js
FN:1,sum
FN:7,Lodash
FN:8,(anonymous_2)
FN:11,groupBy
FN:23,renderP
FNF:5
FNH:4
FNDA:1,sum
FNDA:4,Lodash
FNDA:26,(anonymous_2)
FNDA:3,groupBy
FNDA:0,renderP
DA:2,1
DA:8,26
DA:12,3
DA:13,3
DA:14,13
DA:15,13
DA:16,8
DA:18,13
DA:20,3
DA:24,0
DA:33,1
LF:11
LH:10
BRDA:14,0,0,10
BRDA:14,0,1,3
BRDA:15,1,0,8
BRDA:15,1,1,5
BRF:4
BRH:4
end_of_record
TN:
SF:functions\mock.js
FN:1,map
FNF:1
FNH:1
FNDA:2,map
DA:2,2
DA:3,2
DA:4,10
DA:6,2
DA:9,1
LF:5
LH:5
BRF:0
BRH:0
end_of_record
